workdir:/iusers/jinsongj/llvmspirpd/llvm
intel/llvm fork remote:origin
Validating Repo
https://github.com/intel/llvm.git
Saved current branch: sycl
llvm	https://github.com/llvm/llvm-project.git (fetch)
llvm	https://github.com/llvm/llvm-project.git (push)
origin	https://github.com/intel/llvm.git (fetch)
origin	https://github.com/intel/llvm.git (push)
spirv	https://github.com/KhronosGroup/SPIRV-LLVM-Translator (fetch)
spirv	no-pushing (push)
xmain	https://github.com/intel-restricted/applications.compilers.llvm-project (fetch)
xmain	no-pushing (push)
llvm:https://github.com/llvm/llvm-project.git
origin:https://github.com/intel/llvm.git
spirv:https://github.com/KhronosGroup/SPIRV-LLVM-Translator
xmain:https://github.com/intel-restricted/applications.compilers.llvm-project
Backup current local pulldown branch llvmspirv_pulldown_20240726140700
Fetching target branch origin/sycl. 
Checking whether remote pulldown branch origin/llvmspirv_pulldown exists
Fetching pulldown branch origin/llvmspirv_pulldown. 
Checking remote pulldown branch llvmspirv_pulldown for in progress code
	mergebase of origin/sycl and origin/llvmspirv_pulldown is 7a7619d009d1ed7d04a6795965d89cf98ff88288
	HEAD of origin/llvmspirv_pulldown is 802feeabaf0729dbd88877ab62aa5096bf063a02
diverged:True

Remote branch contains new commits, continue from there.
Checking out remote branch to local origin/llvmspirv_pulldown
Fetching main from remote xmain
Fetching xmain-web from remote xmain
Get the merge base for main and xmain-web
Latest commit from main is 7102592af740ed9f8b388c12dd2182039a58167d
Fetching source branch sycl-web
	mergebase of llvmspirv_pulldown and origin/sycl-web is 7a7619d009d1ed7d04a6795965d89cf98ff88288
	HEAD of origin/sycl-web is 2ddaa29fb8ad81794a2ae59b0003f0247c172072
Merging from source branch sycl-web
	2968 commits merged.
Fetching main branch sycl-web
Latest commit from main is dfeb3991fb489a703f631ab0c34b58f80568038d
xmain remote:xmain
	0 commits merged.
spirv remote:spirv
commit 7961dea73b8d7f1345736a2619ae9284d2306171
Merge: b3b1288af00c dadc1ff47f6d
Author: bb-sycl <bb-sycl@intel.com>
Date:   Wed Jun 26 08:59:10 2024 -0700

    LLVM and SPIRV-LLVM-Translator pulldown (WW22 2024)
    
    LLVM: llvm/llvm-project@73e22ff
    SPIRV-LLVM-Translator: KhronosGroup/SPIRV-LLVM-Translator@d4098cdd72bce730133d44e72b30f6198322fe46
Last merged SPIRV commit in pulldown was: d4098cdd72bce730133d44e72b30f6198322fe46
Trying to extract hash from llvm-spirv folder.
commit 802feeabaf0729dbd88877ab62aa5096bf063a02
Author: Sven van Haastregt <sven.vanhaastregt@arm.com>
Date:   Fri Jul 5 14:53:02 2024 +0200

    Set DEBUG_TYPE after all includes (#2632)
    
    The LLVM Programmer's Manual states that `DEBUG_TYPE` should only be
    set after the includes.
    
    Original commit:
    https://github.com/KhronosGroup/SPIRV-LLVM-Translator/commit/350569a6621ebba
Last merged SPIRV commit is: 350569a6621ebba
Created temp dir /iusers/jinsongj/llvmspirpd/llvm/spirv-patches-yng5j1xk
Fetching main from remote spirv
Generating patches from 350569a6621ebba to HEAD of main
	10 patches need to be applied.
Updating /iusers/jinsongj/llvmspirpd/llvm/spirv-patches-yng5j1xk/0001-Do-not-pass-DLLVM_EXTERNAL_PROJECTS-SPIRV-Headers-fo.patch
Modifying patch for 21038c1b35fa15478a2942aec5b768301795e597
Updating /iusers/jinsongj/llvmspirpd/llvm/spirv-patches-yng5j1xk/0002-Allow-llvm-spirv-to-be-built-natively-in-LLVM-cross-.patch
Modifying patch for a276363ccac20bfc63788873b613ffa4e6fef7c7
Updating /iusers/jinsongj/llvmspirpd/llvm/spirv-patches-yng5j1xk/0003-NFC-Update-README.md-after-21038c1-2636.patch
Modifying patch for 5dae971836ba4e3af703c06358c6f2eac0817b6d
Updating /iusers/jinsongj/llvmspirpd/llvm/spirv-patches-yng5j1xk/0004-Don-t-add-initializer-to-local-variables-with-extern.patch
Modifying patch for 19b7768fc6f4c0195db7a0be049c009cf99edbbc
Updating /iusers/jinsongj/llvmspirpd/llvm/spirv-patches-yng5j1xk/0005-Set-spirv.Source-according-to-the-opencl.ocl.version.patch
Modifying patch for a84bfcaf829995cc1ab4038149f90f98c2f14e02
Updating /iusers/jinsongj/llvmspirpd/llvm/spirv-patches-yng5j1xk/0006-NFC-Document-intrinsic-lowering-2543.patch
Modifying patch for 45154b58186cb22be81b191877bf232d56cb79c3
Updating /iusers/jinsongj/llvmspirpd/llvm/spirv-patches-yng5j1xk/0007-Add-support-for-llvm.tan.-2639.patch
Modifying patch for c5c3d71ad56a943674eb6696ae44b5e3c9df966a
Updating /iusers/jinsongj/llvmspirpd/llvm/spirv-patches-yng5j1xk/0008-Adjust-OpVariable-s-users-and-Lifetime-ptr-operand-s.patch
Modifying patch for f0d7e476924b8f9dad0428682b5633e908a43dde
Updating /iusers/jinsongj/llvmspirpd/llvm/spirv-patches-yng5j1xk/0009-Update-SPIRVRepresentationInLLVM.rst-to-include-loop.patch
Modifying patch for 9508565848694d1a9bebd8a00f13749d7cc293d9
Updating /iusers/jinsongj/llvmspirpd/llvm/spirv-patches-yng5j1xk/0010-Preserve-old-SourceLanguageOpenCL_CPP-for-spirv.Sour.patch
Modifying patch for dad1f0eaab8047a4f73c50ed5f3d1694b78aae97
Merge Successfully!

LLVM and SPIRV-LLVM-Translator pulldown (WW30 2024)

LLVM: llvm/llvm-project@dfeb3991fb489a703f631ab0c34b58f80568038d
SPIRV-LLVM-Translator: KhronosGroup/SPIRV-LLVM-Translator@dad1f0eaab8047a4f73c50ed5f3d1694b78aae97

	mergebase of llvmspirv_pulldown and origin/llvmspirv_pulldown is 802feeabaf0729dbd88877ab62aa5096bf063a02
	HEAD of origin/llvmspirv_pulldown is 802feeabaf0729dbd88877ab62aa5096bf063a02
Restore previous branch
  current branch: sycl
