Performing C SOURCE FILE Test CMAKE_HAVE_LIBC_PTHREAD failed with the following output:
Change Dir: /iusers/lbushi/sycl_workspace/llvm/sycl/source/build/CMakeFiles/CMakeTmp

Run Build Command(s):/usr/bin/ninja cmTC_15797 && [1/2] Building C object CMakeFiles/cmTC_15797.dir/src.c.o
[2/2] Linking C executable cmTC_15797
FAILED: cmTC_15797 
: && /iusers/lbushi/sycl_workspace/llvm/build/bin/clang -DCMAKE_HAVE_LIBC_PTHREAD  -rdynamic CMakeFiles/cmTC_15797.dir/src.c.o  -o cmTC_15797   && :
/usr/bin/ld: CMakeFiles/cmTC_15797.dir/src.c.o: in function `main':
src.c:(.text+0x35): undefined reference to `pthread_create'
/usr/bin/ld: src.c:(.text+0x3e): undefined reference to `pthread_detach'
/usr/bin/ld: src.c:(.text+0x47): undefined reference to `pthread_cancel'
/usr/bin/ld: src.c:(.text+0x54): undefined reference to `pthread_join'
clang-16: error: linker command failed with exit code 1 (use -v to see invocation)
ninja: build stopped: subcommand failed.


Source file was:
#include <pthread.h>

void* test_func(void* data)
{
  return data;
}

int main(void)
{
  pthread_t thread;
  pthread_create(&thread, NULL, test_func, NULL);
  pthread_detach(thread);
  pthread_cancel(thread);
  pthread_join(thread, NULL);
  pthread_atfork(NULL, NULL, NULL);
  pthread_exit(NULL);

  return 0;
}

Determining if the function pthread_create exists in the pthreads failed with the following output:
Change Dir: /iusers/lbushi/sycl_workspace/llvm/sycl/source/build/CMakeFiles/CMakeTmp

Run Build Command(s):/usr/bin/ninja cmTC_ff6c2 && [1/2] Building C object CMakeFiles/cmTC_ff6c2.dir/CheckFunctionExists.c.o
[2/2] Linking C executable cmTC_ff6c2
FAILED: cmTC_ff6c2 
: && /iusers/lbushi/sycl_workspace/llvm/build/bin/clang -DCHECK_FUNCTION_EXISTS=pthread_create  -rdynamic CMakeFiles/cmTC_ff6c2.dir/CheckFunctionExists.c.o  -o cmTC_ff6c2  -lpthreads && :
/usr/bin/ld: cannot find -lpthreads
clang-16: error: linker command failed with exit code 1 (use -v to see invocation)
ninja: build stopped: subcommand failed.



